Arguments: 
  /home/vano/.nvm/versions/node/v14.15.1/bin/node /usr/share/yarn/bin/yarn.js add --dev ts-node nodemon

PATH: 
  /home/vano/miniconda3/condabin:/home/vano/.nvm/versions/node/v14.15.1/bin:/home/vano/.local/bin:/usr/local/sbin:/usr/local/bin:/usr/sbin:/usr/bin:/sbin:/bin:/usr/games:/usr/local/games:/snap/bin:/snap/bin:/home/vano/.local/bin

Yarn version: 
  1.22.5

Node version: 
  14.15.1

Platform: 
  linux x64

Trace: 
  SyntaxError: /home/vano/WebstormProjects/chronograph-example/package.json: Unexpected token } in JSON at position 174
      at JSON.parse (<anonymous>)
      at /usr/share/yarn/lib/cli.js:1625:59
      at Generator.next (<anonymous>)
      at step (/usr/share/yarn/lib/cli.js:310:30)
      at /usr/share/yarn/lib/cli.js:321:13

npm manifest: 
  {
    "name": "untitled",
    "version": "1.0.0",
    "main": "index.mjs",
    "license": "MIT",
    "scripts": {
      "build": "tsc",
      "start": "tsc && node index.ts",
      "dev":
    },
    "dependencies": {
      "chronograph": "^0.0.0"
    },
    "devDependencies": {
      "typescript": "^4.4.4"
    }
  }

yarn manifest: 
  No manifest

Lockfile: 
  # THIS IS AN AUTOGENERATED FILE. DO NOT EDIT THIS FILE DIRECTLY.
  # yarn lockfile v1
  
  
  chronograph@^0.0.0:
    version "0.0.0"
    resolved "https://registry.yarnpkg.com/chronograph/-/chronograph-0.0.0.tgz#5495329ca48ebee1a83b6e8267c77859d4d62e6c"
    integrity sha1-VJUynKSOvuGoO26CZ8d4WdTWLmw=
  
  typescript@^4.4.4:
    version "4.4.4"
    resolved "https://registry.yarnpkg.com/typescript/-/typescript-4.4.4.tgz#2cd01a1a1f160704d3101fd5a58ff0f9fcb8030c"
    integrity sha512-DqGhF5IKoBl8WNf8C1gu8q0xZSInh9j1kJJMqT3a94w1JzVaBU4EXOSMrz9yDqMT0xt3selp83fuFMQ0uzv6qA==
